#
# A fatal error has been detected by the Java Runtime Environment:
#
#  SIGBUS (0xa) at pc=0x00000001100648c2, pid=4440, tid=0x0000000000009f0b
#
# JRE version: OpenJDK Runtime Environment (8.0_202) (build 1.8.0_202-release-1483-b49-5587405)
# Java VM: OpenJDK 64-Bit Server VM (25.202-b49-5587405 mixed mode bsd-amd64 compressed oops)
# Problematic frame:
# v  ~StubRoutines::jlong_disjoint_arraycopy
#
# Failed to write core dump. Core dumps have been disabled. To enable core dumping, try "ulimit -c unlimited" before starting Java again
#
# If you would like to submit a bug report, please visit:
#   http://bugreport.java.com/bugreport/crash.jsp
#

---------------  T H R E A D  ---------------

Current thread (0x00007ff34dd3b000):  JavaThread "Daemon worker Thread 2" [_thread_in_Java, id=40715, stack(0x00007000094aa000,0x00007000095aa000)]

siginfo: si_signo: 10 (SIGBUS), si_code: 2 (BUS_ADRERR), si_addr: 0x00000007a1949000

Registers:
RAX=0x0000000000003ffd, RBX=0x0000000000004001, RCX=0x00000007a1949a70, RDX=0xfffffffffffffeb7
RSP=0x00007000095a48d0, RBP=0x00007000095a48d0, RSI=0x00000007a1941a70, RDI=0x00000007a192c1d0
R8 =0x00000007a19241d0, R9 =0x0000000000004001, R10=0x0000000110064880, R11=0x00000007a1941a70
R12=0x0000000000000000, R13=0x0000000000000007, R14=0x00000007a1941a60, R15=0x00007ff34dd3b000
RIP=0x00000001100648c2, EFLAGS=0x0000000000010296, ERR=0x0000000000000006
  TRAPNO=0x000000000000000e

Top of Stack: (sp=0x00007000095a48d0)
0x00007000095a48d0:   00000000f4324838 0000000110ff9910
0x00007000095a48e0:   00000007c000d2b8 0000000740005e70
0x00007000095a48f0:   00000007a1901528 00000007a1901448
0x00007000095a4900:   0000400000004000 00000007a1901478
0x00007000095a4910:   00007000f43201f2 00000007a1900f90
0x00007000095a4920:   00000007a1900f90 00000007a1900f90
0x00007000095a4930:   000000012b2c9d40 00007ff3000047fe
0x00007000095a4940:   00007ff34dd3b000 000000012da98d70
0x00007000095a4950:   00007000095a4a38 0000000110f7bdd4
0x00007000095a4960:   0000000000000001 00007ff34dd3b000
0x00007000095a4970:   00007000095a4c10 000000011005809a
0x00007000095a4980:   000000000020037f 00000000100274ae
0x00007000095a4990:   00000000095a5158 0000ffff00001fa0
0x00007000095a49a0:   00000007a19012e0 00000007a1900f90
0x00007000095a49b0:   0000000740005e70 000000000000ffff
0x00007000095a49c0:   00007000095a4a38 0000000110019d80
0x00007000095a49d0:   00007000095a4a40 0000000110019d80
0x00007000095a49e0:   0000000740005e70 0000000741c5d9f8
0x00007000095a49f0:   00000007a1900f90 00007000095a49f8
0x00007000095a4a00:   000000012b258fb9 00007000095a4a60
0x00007000095a4a10:   000000012bc66868 0000000000000000
0x00007000095a4a20:   000000012b259028 00007000095a49e0
0x00007000095a4a30:   00007000095a4a58 00007000095a4aa8
0x00007000095a4a40:   0000000110019d80 0000000000000000
0x00007000095a4a50:   0000000000000000 00000007a18adea8
0x00007000095a4a60:   00000007a188a6b8 00007000095a4a68
0x00007000095a4a70:   000000012b25921d 00007000095a4ac0
0x00007000095a4a80:   000000012bc66868 0000000000000000
0x00007000095a4a90:   000000012b259238 00007000095a4a58
0x00007000095a4aa0:   00007000095a4ad0 00007000095a4bf0
0x00007000095a4ab0:   000000011292c56c 00000007a18adea8
0x00007000095a4ac0:   00000007a188a6b8 000000011292c56c 

Instructions: (pc=0x00000001100648c2)
0x00000001100648a2:   c2 75 f1 48 33 c0 c9 c3 66 0f 1f 44 00 00 c5 fa
0x00000001100648b2:   6f 44 d7 c8 c5 fa 7f 44 d1 c8 c5 fa 6f 4c d7 d8
0x00000001100648c2:   c5 fa 7f 4c d1 d8 c5 fa 6f 54 d7 e8 c5 fa 7f 54
0x00000001100648d2:   d1 e8 c5 fa 6f 5c d7 f8 c5 fa 7f 5c d1 f8 48 83 

Register to memory mapping:

RAX=0x0000000000003ffd is an unknown value
RBX=0x0000000000004001 is an unknown value
RCX=
[error occurred during error reporting (printing register info), id 0xa]

Stack: [0x00007000094aa000,0x00007000095aa000],  sp=0x00007000095a48d0,  free space=1002k
Native frames: (J=compiled Java code, j=interpreted, Vv=VM code, C=native code)
v  ~StubRoutines::jlong_disjoint_arraycopy
J 5282 C2 java.util.regex.Matcher.replaceAll(Ljava/lang/String;)Ljava/lang/String; (59 bytes) @ 0x0000000110ff9910 [0x0000000110ff8ec0+0xa50]
J 5166 C1 java.lang.String.replaceAll(Ljava/lang/String;Ljava/lang/String;)Ljava/lang/String; (13 bytes) @ 0x0000000110f7bdd4 [0x0000000110f7bb60+0x274]
j  com.android.repository.impl.meta.TrimStringAdapter.unmarshal(Ljava/lang/String;)Ljava/lang/String;+25
j  com.android.repository.impl.meta.TrimStringAdapter.unmarshal(Ljava/lang/Object;)Ljava/lang/Object;+5
J 15764 C1 com.sun.xml.bind.v2.runtime.reflect.AdaptedAccessor.set(Ljava/lang/Object;Ljava/lang/Object;)V (42 bytes) @ 0x000000011292c56c [0x000000011292c3c0+0x1ac]
J 5453 C1 com.sun.xml.bind.v2.runtime.reflect.TransducedAccessor$CompositeTransducedAccessorImpl.parse(Ljava/lang/Object;Ljava/lang/CharSequence;)V (19 bytes) @ 0x0000000111030474 [0x00000001110302a0+0x1d4]
j  com.sun.xml.bind.v2.runtime.unmarshaller.ValuePropertyLoader.text(Lcom/sun/xml/bind/v2/runtime/unmarshaller/UnmarshallingContext$State;Ljava/lang/CharSequence;)V+9
J 15799 C1 com.sun.xml.bind.v2.runtime.unmarshaller.StructureLoader.text(Lcom/sun/xml/bind/v2/runtime/unmarshaller/UnmarshallingContext$State;Ljava/lang/CharSequence;)V (20 bytes) @ 0x0000000112943e0c [0x0000000112943cc0+0x14c]
J 15758 C1 com.sun.xml.bind.v2.runtime.unmarshaller.UnmarshallingContext.text(Ljava/lang/CharSequence;)V (61 bytes) @ 0x0000000112927f44 [0x0000000112927600+0x944]
J 5226 C2 com.sun.xml.bind.v2.runtime.unmarshaller.ValidatingUnmarshaller.text(Ljava/lang/CharSequence;)V (85 bytes) @ 0x0000000110fb3e44 [0x0000000110fb3c80+0x1c4]
J 5287 C1 com.sun.xml.bind.v2.runtime.unmarshaller.SAXConnector.processText(Z)V (48 bytes) @ 0x0000000110fcf36c [0x0000000110fcf0c0+0x2ac]
J 15685 C1 com.sun.xml.bind.v2.runtime.unmarshaller.SAXConnector.endElement(Ljava/lang/String;Ljava/lang/String;Ljava/lang/String;)V (82 bytes) @ 0x000000011260b874 [0x000000011260ad60+0xb14]
J 15684 C1 org.xml.sax.helpers.XMLFilterImpl.endElement(Ljava/lang/String;Ljava/lang/String;Ljava/lang/String;)V (20 bytes) @ 0x000000011223db44 [0x000000011223da00+0x144]
J 11656 C1 com.sun.org.apache.xerces.internal.parsers.AbstractSAXParser.endElement(Lcom/sun/org/apache/xerces/internal/xni/QName;Lcom/sun/org/apache/xerces/internal/xni/Augmentations;)V (108 bytes) @ 0x0000000111f0fe1c [0x0000000111f0fac0+0x35c]
J 14593 C2 com.sun.org.apache.xerces.internal.impl.XMLDocumentFragmentScannerImpl$FragmentContentDriver.next()I (2346 bytes) @ 0x00000001126d7c98 [0x00000001126d5d40+0x1f58]
J 15782 C2 com.sun.org.apache.xerces.internal.impl.XMLNSDocumentScannerImpl.next()I (39 bytes) @ 0x0000000112931910 [0x0000000112931860+0xb0]
j  com.sun.org.apache.xerces.internal.impl.XMLDocumentFragmentScannerImpl.scanDocument(Z)Z+308
j  com.sun.org.apache.xerces.internal.parsers.XML11Configuration.parse(Z)Z+123
j  com.sun.org.apache.xerces.internal.parsers.XML11Configuration.parse(Lcom/sun/org/apache/xerces/internal/xni/parser/XMLInputSource;)V+29
j  com.sun.org.apache.xerces.internal.parsers.XMLParser.parse(Lcom/sun/org/apache/xerces/internal/xni/parser/XMLInputSource;)V+76
j  com.sun.org.apache.xerces.internal.parsers.AbstractSAXParser.parse(Lorg/xml/sax/InputSource;)V+43
j  com.sun.org.apache.xerces.internal.jaxp.SAXParserImpl$JAXPSAXParser.parse(Lorg/xml/sax/InputSource;)V+53
j  org.xml.sax.helpers.XMLFilterImpl.parse(Lorg/xml/sax/InputSource;)V+9
j  com.sun.xml.bind.v2.runtime.unmarshaller.UnmarshallerImpl.unmarshal0(Lorg/xml/sax/XMLReader;Lorg/xml/sax/InputSource;Lcom/sun/xml/bind/v2/runtime/JaxBeanInfo;)Ljava/lang/Object;+31
j  com.sun.xml.bind.v2.runtime.unmarshaller.UnmarshallerImpl.unmarshal(Lorg/xml/sax/XMLReader;Lorg/xml/sax/InputSource;)Ljava/lang/Object;+4
j  javax.xml.bind.helpers.AbstractUnmarshallerImpl.unmarshal(Ljavax/xml/transform/sax/SAXSource;)Ljava/lang/Object;+20
j  javax.xml.bind.helpers.AbstractUnmarshallerImpl.unmarshal(Ljavax/xml/transform/Source;)Ljava/lang/Object;+31
j  com.android.repository.impl.meta.SchemaModuleUtil.unmarshal(Ljava/io/InputStream;Ljava/util/Collection;Lorg/w3c/dom/ls/LSResourceResolver;ZLcom/android/repository/api/ProgressIndicator;)Ljava/lang/Object;+24
j  com.android.repository.impl.manager.LocalRepoLoaderImpl.parsePackage(Ljava/io/File;Lcom/android/repository/api/ProgressIndicator;)Lcom/android/repository/api/LocalPackage;+52
j  com.android.repository.impl.manager.LocalRepoLoaderImpl.parsePackages(Ljava/util/Collection;Lcom/android/repository/api/ProgressIndicator;)Ljava/util/Map;+68
j  com.android.repository.impl.manager.LocalRepoLoaderImpl.getPackages(Lcom/android/repository/api/ProgressIndicator;)Ljava/util/Map;+16
j  com.android.repository.impl.manager.RepoManagerImpl$LoadTask.run(Lcom/android/repository/api/ProgressIndicator;Lcom/android/repository/api/ProgressRunner;)V+109
j  com.android.repository.api.RepoManager$DummyProgressRunner.runSyncWithProgress(Lcom/android/repository/api/ProgressRunner$ProgressRunnable;)V+6
j  com.android.repository.impl.manager.RepoManagerImpl.load(JLjava/util/List;Ljava/util/List;Ljava/util/List;Lcom/android/repository/api/ProgressRunner;Lcom/android/repository/api/Downloader;Lcom/android/repository/api/SettingsController;Z)V+218
j  com.android.repository.api.RepoManager.loadSynchronously(JLcom/android/repository/api/ProgressIndicator;Lcom/android/repository/api/Downloader;Lcom/android/repository/api/SettingsController;)Z+37
j  com.android.repository.impl.manager.RepoManagerImpl.reloadLocalIfNeeded(Lcom/android/repository/api/ProgressIndicator;)Z+42
j  com.android.builder.sdk.DefaultSdkLoader.init(Lcom/android/utils/ILogger;)V+36
j  com.android.builder.sdk.DefaultSdkLoader.getSdkInfo(Lcom/android/utils/ILogger;)Lcom/android/builder/sdk/SdkInfo;+2
j  com.android.build.gradle.internal.SdkHandler.initTarget(Ljava/lang/String;Lcom/android/repository/Revision;Ljava/util/Collection;Lcom/android/builder/core/AndroidBuilder;Z)Z+196
j  com.android.build.gradle.BasePlugin.ensureTargetSetup()Z+77
j  com.android.build.gradle.BasePlugin.createAndroidTasks()V+146
j  com.android.build.gradle.BasePlugin$$Lambda$103.call()V+4
j  com.android.builder.profile.ThreadRecorder.record(Lcom/google/wireless/android/sdk/stats/GradleBuildProfileSpan$ExecutionType;Ljava/lang/String;Ljava/lang/String;Lcom/android/builder/profile/Recorder$VoidBlock;)V+17
j  com.android.build.gradle.BasePlugin.lambda$createTasks$4(Lorg/gradle/api/Project;)V+30
j  com.android.build.gradle.BasePlugin$$Lambda$102.accept(Ljava/lang/Object;)V+8
j  com.android.build.gradle.internal.crash.CrashReporting$afterEvaluate$1.execute(Lorg/gradle/api/Project;)V+12
j  com.android.build.gradle.internal.crash.CrashReporting$afterEvaluate$1.execute(Ljava/lang/Object;)V+5
j  org.gradle.configuration.internal.DefaultListenerBuildOperationDecorator$BuildOperationEmittingAction$1$1.run()V+17
J 5723 C1 org.gradle.configuration.internal.DefaultUserCodeApplicationContext.reapply(Lorg/gradle/configuration/internal/UserCodeApplicationId;Ljava/lang/Runnable;)V (47 bytes) @ 0x000000011056018c [0x000000011055fe20+0x36c]
j  org.gradle.configuration.internal.DefaultListenerBuildOperationDecorator$BuildOperationEmittingAction$1.run(Lorg/gradle/internal/operations/BuildOperationContext;)V+25
J 8307 C2 org.gradle.internal.operations.DefaultBuildOperationExecutor$1.execute(Lorg/gradle/internal/operations/BuildOperationDescriptor;Lorg/gradle/internal/operations/DefaultBuildOperationExecutor$DefaultBuildOperationContext;Lorg/gradle/internal/operations/DefaultBuildOperationExecutor$BuildOperationExecutionListener;)Lorg/gradle/internal/operations/BuildOperation; (82 bytes) @ 0x0000000111882074 [0x0000000111880860+0x1814]
J 15565 C1 org.gradle.internal.operations.DefaultBuildOperationExecutor.execute(Lorg/gradle/internal/operations/BuildOperationDescriptor$Builder;Lorg/gradle/internal/operations/DefaultBuildOperationExecutor$BuildOperationState;Lorg/gradle/internal/operations/DefaultBuildOperationExecutor$BuildOperationExecution;)Lorg/gradle/internal/operations/BuildOperation; (111 bytes) @ 0x000000011241e8cc [0x000000011241d940+0xf8c]
J 5688 C1 org.gradle.internal.operations.DefaultBuildOperationExecutor.run(Lorg/gradle/internal/operations/RunnableBuildOperation;)V (28 bytes) @ 0x000000011034dfcc [0x000000011034d9c0+0x60c]
j  org.gradle.configuration.internal.DefaultListenerBuildOperationDecorator$BuildOperationEmittingAction.execute(Ljava/lang/Object;)V+24
j  org.gradle.internal.event.BroadcastDispatch$ActionInvocationHandler.dispatch(Lorg/gradle/internal/dispatch/MethodInvocation;)V+27
j  org.gradle.internal.event.BroadcastDispatch$ActionInvocationHandler.dispatch(Ljava/lang/Object;)V+5
J 13209 C2 org.gradle.internal.event.BroadcastDispatch$SingletonDispatch.dispatch(Ljava/lang/Object;)V (9 bytes) @ 0x00000001124c8a78 [0x00000001124c8980+0xf8]
J 14899 C2 org.gradle.internal.event.ListenerBroadcast.dispatch(Ljava/lang/Object;)V (9 bytes) @ 0x0000000112745a58 [0x0000000112745920+0x138]
J 14625 C1 org.gradle.internal.dispatch.ProxyDispatchAdapter$DispatchingInvocationHandler.invoke(Ljava/lang/Object;Ljava/lang/reflect/Method;[Ljava/lang/Object;)Ljava/lang/Object; (184 bytes) @ 0x00000001119f2fe4 [0x00000001119f1c20+0x13c4]
j  com.sun.proxy.$Proxy28.afterEvaluate(Lorg/gradle/api/Project;Lorg/gradle/api/ProjectState;)V+20
j  org.gradle.configuration.project.LifecycleProjectEvaluator$NotifyAfterEvaluate$1.execute(Lorg/gradle/api/ProjectEvaluationListener;)V+15
j  org.gradle.configuration.project.LifecycleProjectEvaluator$NotifyAfterEvaluate$1.execute(Ljava/lang/Object;)V+5
j  org.gradle.api.internal.project.DefaultProject.stepEvaluationListener(Lorg/gradle/api/ProjectEvaluationListener;Lorg/gradle/api/Action;)Lorg/gradle/api/ProjectEvaluationListener;+19
j  org.gradle.configuration.project.LifecycleProjectEvaluator$NotifyAfterEvaluate.run(Lorg/gradle/internal/operations/BuildOperationContext;)V+25
J 8307 C2 org.gradle.internal.operations.DefaultBuildOperationExecutor$1.execute(Lorg/gradle/internal/operations/BuildOperationDescriptor;Lorg/gradle/internal/operations/DefaultBuildOperationExecutor$DefaultBuildOperationContext;Lorg/gradle/internal/operations/DefaultBuildOperationExecutor$BuildOperationExecutionListener;)Lorg/gradle/internal/operations/BuildOperation; (82 bytes) @ 0x0000000111882074 [0x0000000111880860+0x1814]
J 15565 C1 org.gradle.internal.operations.DefaultBuildOperationExecutor.execute(Lorg/gradle/internal/operations/BuildOperationDescriptor$Builder;Lorg/gradle/internal/operations/DefaultBuildOperationExecutor$BuildOperationState;Lorg/gradle/internal/operations/DefaultBuildOperationExecutor$BuildOperationExecution;)Lorg/gradle/internal/operations/BuildOperation; (111 bytes) @ 0x000000011241e8cc [0x000000011241d940+0xf8c]
J 5688 C1 org.gradle.internal.operations.DefaultBuildOperationExecutor.run(Lorg/gradle/internal/operations/RunnableBuildOperation;)V (28 bytes) @ 0x000000011034dfcc [0x000000011034d9c0+0x60c]
J 7065 C1 org.gradle.internal.operations.DelegatingBuildOperationExecutor.run(Lorg/gradle/internal/operations/RunnableBuildOperation;)V (11 bytes) @ 0x00000001114bc1cc [0x00000001114bc0c0+0x10c]
j  org.gradle.configuration.project.LifecycleProjectEvaluator$EvaluateProject$1.run()V+141
J 12644 C1 org.gradle.internal.Factories$1.create()Ljava/lang/Object; (11 bytes) @ 0x0000000110285c4c [0x0000000110285b40+0x10c]
J 12145 C1 org.gradle.internal.work.DefaultWorkerLeaseService.withLocks(Ljava/lang/Iterable;Lorg/gradle/internal/Factory;)Ljava/lang/Object; (51 bytes) @ 0x00000001120a6624 [0x00000001120a6240+0x3e4]
j  org.gradle.internal.work.StopShieldingWorkerLeaseService.withLocks(Ljava/lang/Iterable;Lorg/gradle/internal/Factory;)Ljava/lang/Object;+6
J 13390 C1 org.gradle.api.internal.project.DefaultProjectStateRegistry$ProjectStateImpl.withMutableState(Lorg/gradle/internal/Factory;)Ljava/lang/Object; (138 bytes) @ 0x00000001116f72b4 [0x00000001116f7040+0x274]
J 15587 C1 org.gradle.api.internal.project.DefaultProjectStateRegistry$ProjectStateImpl.withMutableState(Ljava/lang/Runnable;)V (10 bytes) @ 0x0000000111077b94 [0x00000001110779e0+0x1b4]
j  org.gradle.configuration.project.LifecycleProjectEvaluator$EvaluateProject.run(Lorg/gradle/internal/operations/BuildOperationContext;)V+18
J 8307 C2 org.gradle.internal.operations.DefaultBuildOperationExecutor$1.execute(Lorg/gradle/internal/operations/BuildOperationDescriptor;Lorg/gradle/internal/operations/DefaultBuildOperationExecutor$DefaultBuildOperationContext;Lorg/gradle/internal/operations/DefaultBuildOperationExecutor$BuildOperationExecutionListener;)Lorg/gradle/internal/operations/BuildOperation; (82 bytes) @ 0x0000000111882074 [0x0000000111880860+0x1814]
J 15565 C1 org.gradle.internal.operations.DefaultBuildOperationExecutor.execute(Lorg/gradle/internal/operations/BuildOperationDescriptor$Builder;Lorg/gradle/internal/operations/DefaultBuildOperationExecutor$BuildOperationState;Lorg/gradle/internal/operations/DefaultBuildOperationExecutor$BuildOperationExecution;)Lorg/gradle/internal/operations/BuildOperation; (111 bytes) @ 0x000000011241e8cc [0x000000011241d940+0xf8c]
J 5688 C1 org.gradle.internal.operations.DefaultBuildOperationExecutor.run(Lorg/gradle/internal/operations/RunnableBuildOperation;)V (28 bytes) @ 0x000000011034dfcc [0x000000011034d9c0+0x60c]
J 7065 C1 org.gradle.internal.operations.DelegatingBuildOperationExecutor.run(Lorg/gradle/internal/operations/RunnableBuildOperation;)V (11 bytes) @ 0x00000001114bc1cc [0x00000001114bc0c0+0x10c]
j  org.gradle.configuration.project.LifecycleProjectEvaluator.evaluate(Lorg/gradle/api/internal/project/ProjectInternal;Lorg/gradle/api/internal/project/ProjectStateInternal;)V+22
j  org.gradle.api.internal.project.DefaultProject.evaluate()Lorg/gradle/api/internal/project/DefaultProject;+9
j  org.gradle.api.internal.project.DefaultProject.evaluate()Lorg/gradle/api/Project;+1
j  org.gradle.execution.TaskPathProjectEvaluator.configure(Lorg/gradle/api/internal/project/ProjectInternal;)V+21
j  org.gradle.execution.TaskPathProjectEvaluator.configureHierarchy(Lorg/gradle/api/internal/project/ProjectInternal;)V+41
j  org.gradle.configuration.DefaultBuildConfigurer.configure(Lorg/gradle/api/internal/GradleInternal;)V+63
j  org.gradle.initialization.DefaultGradleLauncher$ConfigureBuild.run(Lorg/gradle/internal/operations/BuildOperationContext;)V+40
J 8307 C2 org.gradle.internal.operations.DefaultBuildOperationExecutor$1.execute(Lorg/gradle/internal/operations/BuildOperationDescriptor;Lorg/gradle/internal/operations/DefaultBuildOperationExecutor$DefaultBuildOperationContext;Lorg/gradle/internal/operations/DefaultBuildOperationExecutor$BuildOperationExecutionListener;)Lorg/gradle/internal/operations/BuildOperation; (82 bytes) @ 0x0000000111882074 [0x0000000111880860+0x1814]
j  org.gradle.internal.operations.DefaultBuildOperationExecutor.execute(Lorg/gradle/internal/operations/BuildOperationDescriptor$Builder;Lorg/gradle/internal/operations/DefaultBuildOperationExecutor$BuildOperationState;Lorg/gradle/internal/operations/DefaultBuildOperationExecutor$BuildOperationExecution;)Lorg/gradle/internal/operations/BuildOperation;+105
J 5688 C1 org.gradle.internal.operations.DefaultBuildOperationExecutor.run(Lorg/gradle/internal/operations/RunnableBuildOperation;)V (28 bytes) @ 0x000000011034dfcc [0x000000011034d9c0+0x60c]
J 7065 C1 org.gradle.internal.operations.DelegatingBuildOperationExecutor.run(Lorg/gradle/internal/operations/RunnableBuildOperation;)V (11 bytes) @ 0x00000001114bc1cc [0x00000001114bc0c0+0x10c]
j  org.gradle.initialization.DefaultGradleLauncher.configureBuild()V+23
j  org.gradle.initialization.DefaultGradleLauncher.doBuildStages(Lorg/gradle/initialization/DefaultGradleLauncher$Stage;)V+13
j  org.gradle.initialization.DefaultGradleLauncher.executeTasks()Lorg/gradle/api/internal/GradleInternal;+4
j  org.gradle.internal.invocation.GradleBuildController$1.execute(Lorg/gradle/initialization/GradleLauncher;)V+1
j  org.gradle.internal.invocation.GradleBuildController$1.execute(Ljava/lang/Object;)V+5
j  org.gradle.internal.invocation.GradleBuildController$3.create()Lorg/gradle/api/internal/GradleInternal;+31
j  org.gradle.internal.invocation.GradleBuildController$3.create()Ljava/lang/Object;+1
J 12145 C1 org.gradle.internal.work.DefaultWorkerLeaseService.withLocks(Ljava/lang/Iterable;Lorg/gradle/internal/Factory;)Ljava/lang/Object; (51 bytes) @ 0x00000001120a6624 [0x00000001120a6240+0x3e4]
j  org.gradle.internal.work.StopShieldingWorkerLeaseService.withLocks(Ljava/lang/Iterable;Lorg/gradle/internal/Factory;)Ljava/lang/Object;+6
...<more frames>...


---------------  P R O C E S S  ---------------

Java Threads: ( => current thread )
  0x00007ff34906a000 JavaThread "Cache worker for Build Output Cleanup Cache (/Volumes/BACK_UP/Hybrid/UPWORK/Vijay/VOX_GURU/voxguru/android/.gradle/buildOutputCleanup)" [_thread_blocked, id=37639, stack(0x000070000a3d7000,0x000070000a4d7000)]
  0x00007ff34df49800 JavaThread "Build operations Thread 4" [_thread_blocked, id=24327, stack(0x000070000a2d4000,0x000070000a3d4000)]
  0x00007ff34df49000 JavaThread "Build operations Thread 3" [_thread_blocked, id=41223, stack(0x000070000a1d1000,0x000070000a2d1000)]
  0x00007ff34df48000 JavaThread "Build operations Thread 2" [_thread_blocked, id=39687, stack(0x000070000a0ce000,0x000070000a1ce000)]
  0x00007ff34f7a7800 JavaThread "Build operations" [_thread_blocked, id=38663, stack(0x0000700009ec8000,0x0000700009fc8000)]
  0x00007ff3489e1000 JavaThread "Cache worker for cache directory md-rule (/Users/naveen/.gradle/caches/5.4.1/md-rule)" [_thread_blocked, id=39431, stack(0x0000700009dc5000,0x0000700009ec5000)]
  0x00007ff34c006000 JavaThread "Cache worker for cache directory md-supplier (/Users/naveen/.gradle/caches/5.4.1/md-supplier)" [_thread_blocked, id=40199, stack(0x0000700009cc2000,0x0000700009dc2000)]
  0x00007ff34dd3c800 JavaThread "Cache worker for file hash cache (/Volumes/BACK_UP/Hybrid/UPWORK/Vijay/VOX_GURU/voxguru/android/.gradle/5.4.1/fileHashes)" [_thread_blocked, id=42503, stack(0x0000700009bbf000,0x0000700009cbf000)]
  0x00007ff34dd3b800 JavaThread "Thread-33" [_thread_blocked, id=22535, stack(0x00007000097b3000,0x00007000098b3000)]
  0x00007ff349521000 JavaThread "Stdin handler" [_thread_blocked, id=21767, stack(0x00007000096b0000,0x00007000097b0000)]
  0x00007ff34c787800 JavaThread "Asynchronous log dispatcher for DefaultDaemonConnection: socket connection from /127.0.0.1:64435 to /127.0.0.1:60419" [_thread_blocked, id=16647, stack(0x00007000095ad000,0x00007000096ad000)]
=>0x00007ff34dd3b000 JavaThread "Daemon worker Thread 2" [_thread_in_Java, id=40715, stack(0x00007000094aa000,0x00007000095aa000)]
  0x00007ff34dd3a000 JavaThread "Cancel handler" [_thread_blocked, id=43271, stack(0x00007000093a7000,0x00007000094a7000)]
  0x00007ff34d0aa800 JavaThread "Handler for socket connection from /127.0.0.1:64435 to /127.0.0.1:60419" [_thread_in_native, id=16135, stack(0x00007000092a4000,0x00007000093a4000)]
  0x00007ff34a5dc800 JavaThread "Daemon Thread 2" [_thread_blocked, id=23815, stack(0x00007000091a1000,0x00007000092a1000)]
  0x00007ff34db88000 JavaThread "Memory manager" [_thread_blocked, id=25603, stack(0x000070000a5dd000,0x000070000a6dd000)]
  0x00007ff34d963800 JavaThread "Cache worker for execution history cache (/Users/naveen/.gradle/caches/5.4.1/executionHistory)" [_thread_blocked, id=24579, stack(0x0000700009fcb000,0x000070000a0cb000)]
  0x00007ff3489ee800 JavaThread "Cache worker for journal cache (/Users/naveen/.gradle/caches/journal-1)" [_thread_blocked, id=23555, stack(0x0000700009abc000,0x0000700009bbc000)]
  0x00007ff34a357000 JavaThread "File lock request listener" [_thread_in_native, id=41731, stack(0x00007000099b9000,0x0000700009ab9000)]
  0x00007ff3489bd800 JavaThread "Cache worker for file hash cache (/Users/naveen/.gradle/caches/5.4.1/fileHashes)" [_thread_blocked, id=42243, stack(0x00007000098b6000,0x00007000099b6000)]
  0x00007ff349a7f000 JavaThread "Daemon periodic checks" [_thread_blocked, id=15875, stack(0x000070000909e000,0x000070000919e000)]
  0x00007ff34890c800 JavaThread "Incoming local TCP Connector on port 64435" [_thread_in_native, id=15363, stack(0x0000700008f9b000,0x000070000909b000)]
  0x00007ff349651800 JavaThread "Daemon health stats" [_thread_blocked, id=17411, stack(0x0000700008e98000,0x0000700008f98000)]
  0x00007ff34883a800 JavaThread "Service Thread" daemon [_thread_blocked, id=14339, stack(0x0000700008c92000,0x0000700008d92000)]
  0x00007ff349046800 JavaThread "C1 CompilerThread2" daemon [_thread_blocked, id=18179, stack(0x0000700008b8f000,0x0000700008c8f000)]
  0x00007ff349041000 JavaThread "C2 CompilerThread1" daemon [_thread_blocked, id=13827, stack(0x0000700008a8c000,0x0000700008b8c000)]
  0x00007ff34885c800 JavaThread "C2 CompilerThread0" daemon [_thread_blocked, id=18435, stack(0x0000700008989000,0x0000700008a89000)]
  0x00007ff34885b800 JavaThread "Signal Dispatcher" daemon [_thread_blocked, id=13059, stack(0x0000700008886000,0x0000700008986000)]
  0x00007ff34903c800 JavaThread "Finalizer" daemon [_thread_blocked, id=20995, stack(0x000070000867d000,0x000070000877d000)]
  0x00007ff348822000 JavaThread "Reference Handler" daemon [_thread_blocked, id=21507, stack(0x000070000857a000,0x000070000867a000)]
  0x00007ff349000800 JavaThread "main" [_thread_blocked, id=3843, stack(0x0000700007f68000,0x0000700008068000)]

Other Threads:
  0x00007ff34881b000 VMThread [stack: 0x0000700008477000,0x0000700008577000] [id=11267]
  0x00007ff348828000 WatcherThread [stack: 0x0000700008d95000,0x0000700008e95000] [id=14595]

VM state:not at safepoint (normal execution)

VM Mutex/Monitor currently owned by a thread: None

heap address: 0x0000000740000000, size: 2048 MB, Compressed Oops mode: Zero based, Oop shift amount: 3
Narrow klass base: 0x0000000000000000, Narrow klass shift: 3
Compressed class space size: 1073741824 Address: 0x00000007c0000000

Heap:
 PSYoungGen      total 306688K, used 233006K [0x0000000795580000, 0x00000007ad180000, 0x00000007c0000000)
  eden space 269824K, 74% used [0x0000000795580000,0x00000007a197aab0,0x00000007a5d00000)
  from space 36864K, 87% used [0x00000007a5d00000,0x00000007a7c91048,0x00000007a8100000)
  to   space 40448K, 0% used [0x00000007aaa00000,0x00000007aaa00000,0x00000007ad180000)
 ParOldGen       total 240640K, used 108659K [0x0000000740000000, 0x000000074eb00000, 0x0000000795580000)
  object space 240640K, 45% used [0x0000000740000000,0x0000000746a1cd38,0x000000074eb00000)
 Metaspace       used 85051K, capacity 91788K, committed 92184K, reserved 1128448K
  class space    used 11356K, capacity 12988K, committed 13096K, reserved 1048576K

Card table byte_map: [0x000000011f3d2000,0x000000011f7d3000] byte_map_base: 0x000000011b9d2000

Marking Bits: (ParMarkBitMap*) 0x000000010f9b6f78
 Begin Bits: [0x000000011fa7e000, 0x0000000121a7e000)
 End Bits:   [0x0000000121a7e000, 0x0000000123a7e000)

Polling page: 0x000000010e5d9000

CodeCache: size=245760Kb used=42018Kb max_used=42050Kb free=203741Kb
 bounds [0x0000000110012000, 0x0000000112972000, 0x000000011f012000]
 total_blobs=13632 nmethods=12784 adapters=761
 compilation: enabled

Compilation events (10 events):
Event: 3042.876 Thread 0x00007ff349046800 15800   !   3       com.sun.org.apache.xerces.internal.impl.xs.XMLSchemaValidator::elementLocallyValidComplexType (377 bytes)
Event: 3042.879 Thread 0x00007ff349046800 nmethod 15800 0x0000000112944010 code [0x0000000112944440, 0x00000001129472a8]
Event: 3042.879 Thread 0x00007ff349046800 15804       3       java.net.JarURLConnection::parseSpecs (105 bytes)
Event: 3042.880 Thread 0x00007ff349046800 nmethod 15804 0x0000000112948790 code [0x0000000112948a00, 0x0000000112949b08]
Event: 3042.880 Thread 0x00007ff349046800 15801       3       com.sun.xml.bind.v2.runtime.unmarshaller.StructureLoader::leaveElement (28 bytes)
Event: 3042.881 Thread 0x00007ff349046800 nmethod 15801 0x000000011294a310 code [0x000000011294a4a0, 0x000000011294a958]
Event: 3042.881 Thread 0x00007ff349046800 15803       1       com.sun.xml.bind.v2.runtime.reflect.Accessor::isAdapted (2 bytes)
Event: 3042.881 Thread 0x00007ff349046800 nmethod 15803 0x000000011294aa50 code [0x000000011294aba0, 0x000000011294acb0]
Event: 3042.881 Thread 0x00007ff349046800 15805       3       com.sun.xml.bind.v2.runtime.unmarshaller.UnmarshallingContext::startScope (92 bytes)
Event: 3042.882 Thread 0x00007ff349046800 nmethod 15805 0x000000011294ad10 code [0x000000011294aec0, 0x000000011294b518]

GC Heap History (10 events):
Event: 66.586 GC heap before
{Heap before GC invocations=17 (full 3):
 PSYoungGen      total 207360K, used 206758K [0x0000000795580000, 0x00000007a7480000, 0x00000007c0000000)
  eden space 178176K, 100% used [0x0000000795580000,0x00000007a0380000,0x00000007a0380000)
  from space 29184K, 97% used [0x00000007a0380000,0x00000007a1f69a48,0x00000007a2000000)
  to   space 33280K, 0% used [0x00000007a5400000,0x00000007a5400000,0x00000007a7480000)
 ParOldGen       total 126464K, used 69411K [0x0000000740000000, 0x0000000747b80000, 0x0000000795580000)
  object space 126464K, 54% used [0x0000000740000000,0x00000007443c8f70,0x0000000747b80000)
 Metaspace       used 72447K, capacity 77906K, committed 78104K, reserved 1116160K
  class space    used 9962K, capacity 11437K, committed 11560K, reserved 1048576K
Event: 66.675 GC heap after
Heap after GC invocations=17 (full 3):
 PSYoungGen      total 253440K, used 33268K [0x0000000795580000, 0x00000007a8000000, 0x00000007c0000000)
  eden space 220160K, 0% used [0x0000000795580000,0x0000000795580000,0x00000007a2c80000)
  from space 33280K, 99% used [0x00000007a5400000,0x00000007a747d040,0x00000007a7480000)
  to   space 40448K, 0% used [0x00000007a2c80000,0x00000007a2c80000,0x00000007a5400000)
 ParOldGen       total 126464K, used 75621K [0x0000000740000000, 0x0000000747b80000, 0x0000000795580000)
  object space 126464K, 59% used [0x0000000740000000,0x00000007449d9710,0x0000000747b80000)
 Metaspace       used 72447K, capacity 77906K, committed 78104K, reserved 1116160K
  class space    used 9962K, capacity 11437K, committed 11560K, reserved 1048576K
}
Event: 78.394 GC heap before
{Heap before GC invocations=18 (full 3):
 PSYoungGen      total 253440K, used 253428K [0x0000000795580000, 0x00000007a8000000, 0x00000007c0000000)
  eden space 220160K, 100% used [0x0000000795580000,0x00000007a2c80000,0x00000007a2c80000)
  from space 33280K, 99% used [0x00000007a5400000,0x00000007a747d040,0x00000007a7480000)
  to   space 40448K, 0% used [0x00000007a2c80000,0x00000007a2c80000,0x00000007a5400000)
 ParOldGen       total 126464K, used 75621K [0x0000000740000000, 0x0000000747b80000, 0x0000000795580000)
  object space 126464K, 59% used [0x0000000740000000,0x00000007449d9710,0x0000000747b80000)
 Metaspace       used 73759K, capacity 79542K, committed 79640K, reserved 1118208K
  class space    used 10094K, capacity 11551K, committed 11560K, reserved 1048576K
Event: 78.596 GC heap after
Heap after GC invocations=18 (full 3):
 PSYoungGen      total 260608K, used 16544K [0x0000000795580000, 0x00000007ab300000, 0x00000007c0000000)
  eden space 220160K, 0% used [0x0000000795580000,0x0000000795580000,0x00000007a2c80000)
  from space 40448K, 40% used [0x00000007a2c80000,0x00000007a3ca8000,0x00000007a5400000)
  to   space 38400K, 0% used [0x00000007a8d80000,0x00000007a8d80000,0x00000007ab300000)
 ParOldGen       total 126464K, used 104074K [0x0000000740000000, 0x0000000747b80000, 0x0000000795580000)
  object space 126464K, 82% used [0x0000000740000000,0x00000007465a28a0,0x0000000747b80000)
 Metaspace       used 73759K, capacity 79542K, committed 79640K, reserved 1118208K
  class space    used 10094K, capacity 11551K, committed 11560K, reserved 1048576K
}
Event: 78.596 GC heap before
{Heap before GC invocations=19 (full 4):
 PSYoungGen      total 260608K, used 16544K [0x0000000795580000, 0x00000007ab300000, 0x00000007c0000000)
  eden space 220160K, 0% used [0x0000000795580000,0x0000000795580000,0x00000007a2c80000)
  from space 40448K, 40% used [0x00000007a2c80000,0x00000007a3ca8000,0x00000007a5400000)
  to   space 38400K, 0% used [0x00000007a8d80000,0x00000007a8d80000,0x00000007ab300000)
 ParOldGen       total 126464K, used 104074K [0x0000000740000000, 0x0000000747b80000, 0x0000000795580000)
  object space 126464K, 82% used [0x0000000740000000,0x00000007465a28a0,0x0000000747b80000)
 Metaspace       used 73759K, capacity 79542K, committed 79640K, reserved 1118208K
  class space    used 10094K, capacity 11551K, committed 11560K, reserved 1048576K
Event: 79.822 GC heap after
Heap after GC invocations=19 (full 4):
 PSYoungGen      total 260608K, used 0K [0x0000000795580000, 0x00000007ab300000, 0x00000007c0000000)
  eden space 220160K, 0% used [0x0000000795580000,0x0000000795580000,0x00000007a2c80000)
  from space 40448K, 0% used [0x00000007a2c80000,0x00000007a2c80000,0x00000007a5400000)
  to   space 38400K, 0% used [0x00000007a8d80000,0x00000007a8d80000,0x00000007ab300000)
 ParOldGen       total 240640K, used 108643K [0x0000000740000000, 0x000000074eb00000, 0x0000000795580000)
  object space 240640K, 45% used [0x0000000740000000,0x0000000746a18d38,0x000000074eb00000)
 Metaspace       used 73748K, capacity 79514K, committed 79640K, reserved 1118208K
  class space    used 10091K, capacity 11545K, committed 11560K, reserved 1048576K
}
Event: 88.027 GC heap before
{Heap before GC invocations=20 (full 4):
 PSYoungGen      total 260608K, used 220160K [0x0000000795580000, 0x00000007ab300000, 0x00000007c0000000)
  eden space 220160K, 100% used [0x0000000795580000,0x00000007a2c80000,0x00000007a2c80000)
  from space 40448K, 0% used [0x00000007a2c80000,0x00000007a2c80000,0x00000007a5400000)
  to   space 38400K, 0% used [0x00000007a8d80000,0x00000007a8d80000,0x00000007ab300000)
 ParOldGen       total 240640K, used 108643K [0x0000000740000000, 0x000000074eb00000, 0x0000000795580000)
  object space 240640K, 45% used [0x0000000740000000,0x0000000746a18d38,0x000000074eb00000)
 Metaspace       used 74000K, capacity 79958K, committed 80280K, reserved 1118208K
  class space    used 10103K, capacity 11565K, committed 11688K, reserved 1048576K
Event: 88.070 GC heap after
Heap after GC invocations=20 (full 4):
 PSYoungGen      total 293888K, used 14960K [0x0000000795580000, 0x00000007aa500000, 0x00000007c0000000)
  eden space 269824K, 0% used [0x0000000795580000,0x0000000795580000,0x00000007a5d00000)
  from space 24064K, 62% used [0x00000007a8d80000,0x00000007a9c1c010,0x00000007aa500000)
  to   space 36864K, 0% used [0x00000007a5d00000,0x00000007a5d00000,0x00000007a8100000)
 ParOldGen       total 240640K, used 108651K [0x0000000740000000, 0x000000074eb00000, 0x0000000795580000)
  object space 240640K, 45% used [0x0000000740000000,0x0000000746a1ad38,0x000000074eb00000)
 Metaspace       used 74000K, capacity 79958K, committed 80280K, reserved 1118208K
  class space    used 10103K, capacity 11565K, committed 11688K, reserved 1048576K
}
Event: 110.503 GC heap before
{Heap before GC invocations=21 (full 4):
 PSYoungGen      total 293888K, used 284784K [0x0000000795580000, 0x00000007aa500000, 0x00000007c0000000)
  eden space 269824K, 100% used [0x0000000795580000,0x00000007a5d00000,0x00000007a5d00000)
  from space 24064K, 62% used [0x00000007a8d80000,0x00000007a9c1c010,0x00000007aa500000)
  to   space 36864K, 0% used [0x00000007a5d00000,0x00000007a5d00000,0x00000007a8100000)
 ParOldGen       total 240640K, used 108651K [0x0000000740000000, 0x000000074eb00000, 0x0000000795580000)
  object space 240640K, 45% used [0x0000000740000000,0x0000000746a1ad38,0x000000074eb00000)
 Metaspace       used 75849K, capacity 82380K, committed 82584K, reserved 1120256K
  class space    used 10354K, capacity 11940K, committed 11944K, reserved 1048576K
Event: 110.658 GC heap after
Heap after GC invocations=21 (full 4):
 PSYoungGen      total 306688K, used 32324K [0x0000000795580000, 0x00000007ad180000, 0x00000007c0000000)
  eden space 269824K, 0% used [0x0000000795580000,0x0000000795580000,0x00000007a5d00000)
  from space 36864K, 87% used [0x00000007a5d00000,0x00000007a7c91048,0x00000007a8100000)
  to   space 40448K, 0% used [0x00000007aaa00000,0x00000007aaa00000,0x00000007ad180000)
 ParOldGen       total 240640K, used 108659K [0x0000000740000000, 0x000000074eb00000, 0x0000000795580000)
  object space 240640K, 45% used [0x0000000740000000,0x0000000746a1cd38,0x000000074eb00000)
 Metaspace       used 75849K, capacity 82380K, committed 82584K, reserved 1120256K
  class space    used 10354K, capacity 11940K, committed 11944K, reserved 1048576K
}

Deoptimization events (10 events):
Event: 3034.527 Thread 0x00007ff34dd3b000 Uncommon trap: reason=unstable_if action=reinterpret pc=0x0000000111f6a4e8 method=org.gradle.api.internal.artifacts.ivyservice.resolveengine.store.DefaultBinaryStore.write(Lorg/gradle/cache/internal/BinaryStore$WriteAction;)V @ 4
Event: 3035.863 Thread 0x00007ff34dd3b000 Uncommon trap: reason=unstable_if action=reinterpret pc=0x00000001117c8454 method=org.gradle.internal.logging.sink.ProgressLogEventGenerator$Operation.completeHeader()V @ 40
Event: 3035.866 Thread 0x00007ff34c787800 Uncommon trap: reason=speculate_class_check action=maybe_recompile pc=0x0000000110ab15c4 method=java.io.ObjectOutputStream.verifySubclass()V @ 8
Event: 3035.998 Thread 0x00007ff34dd3b000 Uncommon trap: reason=class_check action=maybe_recompile pc=0x00000001103a8fbc method=sun.reflect.generics.reflectiveObjects.TypeVariableImpl.getGenericDeclaration()Ljava/lang/reflect/GenericDeclaration; @ 4
Event: 3035.998 Thread 0x00007ff34dd3b000 Uncommon trap: reason=class_check action=maybe_recompile pc=0x00000001103a8fbc method=sun.reflect.generics.reflectiveObjects.TypeVariableImpl.getGenericDeclaration()Ljava/lang/reflect/GenericDeclaration; @ 4
Event: 3035.998 Thread 0x00007ff34dd3b000 Uncommon trap: reason=class_check action=maybe_recompile pc=0x00000001103a8fbc method=sun.reflect.generics.reflectiveObjects.TypeVariableImpl.getGenericDeclaration()Ljava/lang/reflect/GenericDeclaration; @ 4
Event: 3035.998 Thread 0x00007ff34dd3b000 Uncommon trap: reason=class_check action=maybe_recompile pc=0x00000001103a8fbc method=sun.reflect.generics.reflectiveObjects.TypeVariableImpl.getGenericDeclaration()Ljava/lang/reflect/GenericDeclaration; @ 4
Event: 3036.089 Thread 0x00007ff34dd3b000 Uncommon trap: reason=bimorphic action=maybe_recompile pc=0x0000000110efa210 method=java.util.concurrent.ConcurrentHashMap.computeIfAbsent(Ljava/lang/Object;Ljava/util/function/Function;)Ljava/lang/Object; @ 278
Event: 3036.089 Thread 0x00007ff34dd3b000 Uncommon trap: reason=bimorphic action=maybe_recompile pc=0x0000000110efa210 method=java.util.concurrent.ConcurrentHashMap.computeIfAbsent(Ljava/lang/Object;Ljava/util/function/Function;)Ljava/lang/Object; @ 278
Event: 3036.384 Thread 0x00007ff34dd3b000 Uncommon trap: reason=null_check action=make_not_entrant pc=0x0000000111e57118 method=org.gradle.api.internal.collections.CollectionFilter.filter(Ljava/lang/Object;)Ljava/lang/Object; @ 5

Classes redefined (0 events):
No events

Internal exceptions (10 events):
Event: 3036.586 Thread 0x00007ff34dd3b000 Exception <a 'sun/nio/fs/UnixException'> (0x000000079fc72fb8) thrown at [/Volumes/Android/buildbot/src/googleplex-android/openjdk/out/hotspot/src/share/vm/prims/jni.cpp, line 710]
Event: 3036.586 Thread 0x00007ff34dd3b000 Exception <a 'sun/nio/fs/UnixException'> (0x000000079fc74bf8) thrown at [/Volumes/Android/buildbot/src/googleplex-android/openjdk/out/hotspot/src/share/vm/prims/jni.cpp, line 710]
Event: 3036.586 Thread 0x00007ff34dd3b000 Exception <a 'sun/nio/fs/UnixException'> (0x000000079fc77278) thrown at [/Volumes/Android/buildbot/src/googleplex-android/openjdk/out/hotspot/src/share/vm/prims/jni.cpp, line 710]
Event: 3036.586 Thread 0x00007ff34dd3b000 Exception <a 'sun/nio/fs/UnixException'> (0x000000079fc78f20) thrown at [/Volumes/Android/buildbot/src/googleplex-android/openjdk/out/hotspot/src/share/vm/prims/jni.cpp, line 710]
Event: 3036.587 Thread 0x00007ff34dd3b000 Exception <a 'sun/nio/fs/UnixException'> (0x000000079fc7b9e0) thrown at [/Volumes/Android/buildbot/src/googleplex-android/openjdk/out/hotspot/src/share/vm/prims/jni.cpp, line 710]
Event: 3036.587 Thread 0x00007ff34dd3b000 Exception <a 'sun/nio/fs/UnixException'> (0x000000079fc7d780) thrown at [/Volumes/Android/buildbot/src/googleplex-android/openjdk/out/hotspot/src/share/vm/prims/jni.cpp, line 710]
Event: 3036.588 Thread 0x00007ff34dd3b000 Exception <a 'sun/nio/fs/UnixException'> (0x000000079fc81ec0) thrown at [/Volumes/Android/buildbot/src/googleplex-android/openjdk/out/hotspot/src/share/vm/prims/jni.cpp, line 710]
Event: 3036.588 Thread 0x00007ff34dd3b000 Exception <a 'sun/nio/fs/UnixException'> (0x000000079fc83c10) thrown at [/Volumes/Android/buildbot/src/googleplex-android/openjdk/out/hotspot/src/share/vm/prims/jni.cpp, line 710]
Event: 3036.589 Thread 0x00007ff34dd3b000 Exception <a 'sun/nio/fs/UnixException'> (0x000000079fc87ef0) thrown at [/Volumes/Android/buildbot/src/googleplex-android/openjdk/out/hotspot/src/share/vm/prims/jni.cpp, line 710]
Event: 3036.589 Thread 0x00007ff34dd3b000 Exception <a 'sun/nio/fs/UnixException'> (0x000000079fc89a30) thrown at [/Volumes/Android/buildbot/src/googleplex-android/openjdk/out/hotspot/src/share/vm/prims/jni.cpp, line 710]

Events (10 events):
Event: 3036.639 Thread 0x00007ff349046800 flushing nmethod 0x000000011276f890
Event: 3036.639 Thread 0x00007ff349046800 flushing nmethod 0x00000001127715d0
Event: 3036.639 Thread 0x00007ff349046800 flushing nmethod 0x000000011277a2d0
Event: 3036.640 Thread 0x00007ff349046800 flushing nmethod 0x00000001127e6bd0
Event: 3036.932 Executing VM operation: RevokeBias
Event: 3036.932 Executing VM operation: RevokeBias done
Event: 3036.932 Executing VM operation: RevokeBias
Event: 3036.932 Executing VM operation: RevokeBias done
Event: 3036.932 Executing VM operation: RevokeBias
Event: 3036.932 Executing VM operation: RevokeBias done


Dynamic libraries:
0x00007fff33e6e000 	/System/Library/Frameworks/Cocoa.framework/Versions/A/Cocoa
0x00007fff41470000 	/System/Library/Frameworks/Security.framework/Versions/A/Security
0x00007fff32df8000 	/System/Library/Frameworks/ApplicationServices.framework/Versions/A/ApplicationServices
0x00007fff6b92a000 	/usr/lib/libz.1.dylib
0x00007fff6936c000 	/usr/lib/libSystem.B.dylib
0x00007fff34df5000 	/System/Library/Frameworks/CoreFoundation.framework/Versions/A/CoreFoundation
0x00007fff374de000 	/System/Library/Frameworks/Foundation.framework/Versions/C/Foundation
0x00007fff6b259000 	/usr/lib/libobjc.A.dylib
0x00007fff31fed000 	/System/Library/Frameworks/AppKit.framework/Versions/C/AppKit
0x00007fff348f1000 	/System/Library/Frameworks/CoreData.framework/Versions/A/CoreData
0x00007fff65c14000 	/System/Library/PrivateFrameworks/UIFoundation.framework/Versions/A/UIFoundation
0x00007fff603f0000 	/System/Library/PrivateFrameworks/RemoteViewServices.framework/Versions/A/RemoteViewServices
0x00007fff686a7000 	/System/Library/PrivateFrameworks/XCTTargetBootstrap.framework/Versions/A/XCTTargetBootstrap
0x00007fff34ce4000 	/System/Library/Frameworks/CoreDisplay.framework/Versions/A/CoreDisplay
0x00007fff3a256000 	/System/Library/Frameworks/Metal.framework/Versions/A/Metal
0x00007fff4e7f6000 	/System/Library/PrivateFrameworks/DesktopServicesPriv.framework/Versions/A/DesktopServicesPriv
0x00007fff6a53a000 	/usr/lib/liblangid.dylib
0x00007fff4d942000 	/System/Library/PrivateFrameworks/CoreSVG.framework/Versions/A/CoreSVG
0x00007fff631b7000 	/System/Library/PrivateFrameworks/SkyLight.framework/Versions/A/SkyLight
0x00007fff35277000 	/System/Library/Frameworks/CoreGraphics.framework/Versions/A/CoreGraphics
0x00007fff30a82000 	/System/Library/Frameworks/Accelerate.framework/Versions/A/Accelerate
0x00007fff6b81b000 	/usr/lib/libxml2.2.dylib
0x00007fff5951a000 	/System/Library/PrivateFrameworks/IconServices.framework/Versions/A/IconServices
0x00007fff37cc3000 	/System/Library/Frameworks/IOSurface.framework/Versions/A/IOSurface
0x00007fff68ea4000 	/usr/lib/libDiagnosticMessagesClient.dylib
0x00007fff4e66f000 	/System/Library/PrivateFrameworks/DFRFoundation.framework/Versions/A/DFRFoundation
0x00007fff6a2c8000 	/usr/lib/libicucore.A.dylib
0x00007fff3312a000 	/System/Library/Frameworks/AudioToolbox.framework/Versions/A/AudioToolbox
0x00007fff3320c000 	/System/Library/Frameworks/AudioUnit.framework/Versions/A/AudioUnit
0x00007fff69604000 	/usr/lib/libauto.dylib
0x00007fff4e6f0000 	/System/Library/PrivateFrameworks/DataDetectorsCore.framework/Versions/A/DataDetectorsCore
0x00007fff3398e000 	/System/Library/Frameworks/Carbon.framework/Versions/A/Frameworks/HIToolbox.framework/Versions/A/HIToolbox
0x00007fff406a1000 	/System/Library/Frameworks/QuartzCore.framework/Versions/A/QuartzCore
0x00007fff33ccd000 	/System/Library/Frameworks/Carbon.framework/Versions/A/Frameworks/SpeechRecognition.framework/Versions/A/SpeechRecognition
0x00007fff4dff5000 	/System/Library/PrivateFrameworks/CoreUI.framework/Versions/A/CoreUI
0x00007fff34357000 	/System/Library/Frameworks/CoreAudio.framework/Versions/A/CoreAudio
0x00007fff371a6000 	/System/Library/Frameworks/DiskArbitration.framework/Versions/A/DiskArbitration
0x00007fff5b52f000 	/System/Library/PrivateFrameworks/MultitouchSupport.framework/Versions/A/MultitouchSupport
0x00007fff6a18e000 	/usr/lib/libenergytrace.dylib
0x00007fff37c1e000 	/System/Library/Frameworks/IOKit.framework/Versions/A/IOKit
0x00007fff36209000 	/System/Library/Frameworks/CoreServices.framework/Versions/A/CoreServices
0x00007fff5d63c000 	/System/Library/PrivateFrameworks/PerformanceAnalysis.framework/Versions/A/PerformanceAnalysis
0x00007fff3f6d7000 	/System/Library/Frameworks/OpenGL.framework/Versions/A/OpenGL
0x00007fff33e7c000 	/System/Library/Frameworks/ColorSync.framework/Versions/A/ColorSync
0x00007fff35922000 	/System/Library/Frameworks/CoreImage.framework/Versions/A/CoreImage
0x00007fff36c7f000 	/System/Library/Frameworks/CoreText.framework/Versions/A/CoreText
0x00007fff37d49000 	/System/Library/Frameworks/ImageIO.framework/Versions/A/ImageIO
0x00007fff696e9000 	/usr/lib/libc++.1.dylib
0x00007fff69765000 	/usr/lib/libcompression.dylib
0x00007fff691e6000 	/usr/lib/libMobileGestalt.dylib
0x00007fff64cf6000 	/System/Library/PrivateFrameworks/TextureIO.framework/Versions/A/TextureIO
0x00007fff694d3000 	/usr/lib/libate.dylib
0x00007fff59723000 	/System/Library/PrivateFrameworks/InternationalSupport.framework/Versions/A/InternationalSupport
0x00007fff6c3a0000 	/usr/lib/system/libcache.dylib
0x00007fff6c3a6000 	/usr/lib/system/libcommonCrypto.dylib
0x00007fff6c3b2000 	/usr/lib/system/libcompiler_rt.dylib
0x00007fff6c3ba000 	/usr/lib/system/libcopyfile.dylib
0x00007fff6c3c4000 	/usr/lib/system/libcorecrypto.dylib
0x00007fff6c572000 	/usr/lib/system/libdispatch.dylib
0x00007fff6c5b4000 	/usr/lib/system/libdyld.dylib
0x00007fff6c5ea000 	/usr/lib/system/libkeymgr.dylib
0x00007fff6c5f8000 	/usr/lib/system/liblaunch.dylib
0x00007fff6c5f9000 	/usr/lib/system/libmacho.dylib
0x00007fff6c5ff000 	/usr/lib/system/libquarantine.dylib
0x00007fff6c602000 	/usr/lib/system/libremovefile.dylib
0x00007fff6c604000 	/usr/lib/system/libsystem_asl.dylib
0x00007fff6c61c000 	/usr/lib/system/libsystem_blocks.dylib
0x00007fff6c61d000 	/usr/lib/system/libsystem_c.dylib
0x00007fff6c6a5000 	/usr/lib/system/libsystem_configuration.dylib
0x00007fff6c6a9000 	/usr/lib/system/libsystem_coreservices.dylib
0x00007fff6c6ad000 	/usr/lib/system/libsystem_darwin.dylib
0x00007fff6c6b6000 	/usr/lib/system/libsystem_dnssd.dylib
0x00007fff6c6be000 	/usr/lib/system/libsystem_featureflags.dylib
0x00007fff6c6c0000 	/usr/lib/system/libsystem_info.dylib
0x00007fff6c73b000 	/usr/lib/system/libsystem_m.dylib
0x00007fff6c788000 	/usr/lib/system/libsystem_malloc.dylib
0x00007fff6c7b0000 	/usr/lib/system/libsystem_networkextension.dylib
0x00007fff6c7be000 	/usr/lib/system/libsystem_notify.dylib
0x00007fff6c7dd000 	/usr/lib/system/libsystem_sandbox.dylib
0x00007fff6c7e2000 	/usr/lib/system/libsystem_secinit.dylib
0x00007fff6c70e000 	/usr/lib/system/libsystem_kernel.dylib
0x00007fff6c7c8000 	/usr/lib/system/libsystem_platform.dylib
0x00007fff6c7d2000 	/usr/lib/system/libsystem_pthread.dylib
0x00007fff6c7e5000 	/usr/lib/system/libsystem_symptoms.dylib
0x00007fff6c7ed000 	/usr/lib/system/libsystem_trace.dylib
0x00007fff6c805000 	/usr/lib/system/libunwind.dylib
0x00007fff6c80b000 	/usr/lib/system/libxpc.dylib
0x00007fff6973d000 	/usr/lib/libc++abi.dylib
0x00007fff6a53c000 	/usr/lib/liblzma.5.dylib
0x00007fff6a1b6000 	/usr/lib/libfakelink.dylib
0x00007fff69460000 	/usr/lib/libarchive.2.dylib
0x00007fff42612000 	/System/Library/Frameworks/SystemConfiguration.framework/Versions/A/SystemConfiguration
0x00007fff68dd5000 	/usr/lib/libCRFSuite.dylib
0x00007fff33582000 	/System/Library/Frameworks/CFNetwork.framework/Versions/A/CFNetwork
0x00007fff696cb000 	/usr/lib/libbsm.0.dylib
0x00007fff6c5eb000 	/usr/lib/system/libkxld.dylib
0x00007fff48126000 	/System/Library/PrivateFrameworks/AppleFSCompression.framework/Versions/A/AppleFSCompression
0x00007fff69a4d000 	/usr/lib/libcoretls.dylib
0x00007fff69a64000 	/usr/lib/libcoretls_cfhelpers.dylib
0x00007fff6b29e000 	/usr/lib/libpam.2.dylib
0x00007fff6b3d1000 	/usr/lib/libsqlite3.dylib
0x00007fff6b808000 	/usr/lib/libxar.1.dylib
0x00007fff696dc000 	/usr/lib/libbz2.1.0.dylib
0x00007fff6a1d7000 	/usr/lib/libiconv.2.dylib
0x00007fff69752000 	/usr/lib/libcharset.1.dylib
0x00007fff6ad44000 	/usr/lib/libnetwork.dylib
0x00007fff6b2a5000 	/usr/lib/libpcap.A.dylib
0x00007fff69415000 	/usr/lib/libapple_nghttp2.dylib
0x00007fff365c0000 	/System/Library/Frameworks/CoreServices.framework/Versions/A/Frameworks/FSEvents.framework/Versions/A/FSEvents
0x00007fff36290000 	/System/Library/Frameworks/CoreServices.framework/Versions/A/Frameworks/CarbonCore.framework/Versions/A/CarbonCore
0x00007fff36803000 	/System/Library/Frameworks/CoreServices.framework/Versions/A/Frameworks/Metadata.framework/Versions/A/Metadata
0x00007fff3689c000 	/System/Library/Frameworks/CoreServices.framework/Versions/A/Frameworks/OSServices.framework/Versions/A/OSServices
0x00007fff368ca000 	/System/Library/Frameworks/CoreServices.framework/Versions/A/Frameworks/SearchKit.framework/Versions/A/SearchKit
0x00007fff3620a000 	/System/Library/Frameworks/CoreServices.framework/Versions/A/Frameworks/AE.framework/Versions/A/AE
0x00007fff365c9000 	/System/Library/Frameworks/CoreServices.framework/Versions/A/Frameworks/LaunchServices.framework/Versions/A/LaunchServices
0x00007fff36572000 	/System/Library/Frameworks/CoreServices.framework/Versions/A/Frameworks/DictionaryServices.framework/Versions/A/DictionaryServices
0x00007fff36932000 	/System/Library/Frameworks/CoreServices.framework/Versions/A/Frameworks/SharedFileList.framework/Versions/A/SharedFileList
0x00007fff3b52b000 	/System/Library/Frameworks/NetFS.framework/Versions/A/NetFS
0x00007fff5ba5f000 	/System/Library/PrivateFrameworks/NetAuth.framework/Versions/A/NetAuth
0x00007fff68a72000 	/System/Library/PrivateFrameworks/login.framework/Versions/A/Frameworks/loginsupport.framework/Versions/A/loginsupport
0x00007fff647f1000 	/System/Library/PrivateFrameworks/TCC.framework/Versions/A/TCC
0x00007fff4cd11000 	/System/Library/PrivateFrameworks/CoreNLP.framework/Versions/A/CoreNLP
0x00007fff5af5f000 	/System/Library/PrivateFrameworks/MetadataUtilities.framework/Versions/A/MetadataUtilities
0x00007fff6a614000 	/usr/lib/libmecabra.dylib
0x00007fff6a56c000 	/usr/lib/libmecab.dylib
0x00007fff6a1c7000 	/usr/lib/libgermantok.dylib
0x00007fff693fc000 	/usr/lib/libThaiTokenizer.dylib
0x00007fff68e0d000 	/usr/lib/libChineseTokenizer.dylib
0x00007fff30a9a000 	/System/Library/Frameworks/Accelerate.framework/Versions/A/Frameworks/vImage.framework/Versions/A/vImage
0x00007fff31e47000 	/System/Library/Frameworks/Accelerate.framework/Versions/A/Frameworks/vecLib.framework/Versions/A/vecLib
0x00007fff31ccc000 	/System/Library/Frameworks/Accelerate.framework/Versions/A/Frameworks/vecLib.framework/Versions/A/libvMisc.dylib
0x00007fff31b39000 	/System/Library/Frameworks/Accelerate.framework/Versions/A/Frameworks/vecLib.framework/Versions/A/libvDSP.dylib
0x00007fff31342000 	/System/Library/Frameworks/Accelerate.framework/Versions/A/Frameworks/vecLib.framework/Versions/A/libBLAS.dylib
0x00007fff316e4000 	/System/Library/Frameworks/Accelerate.framework/Versions/A/Frameworks/vecLib.framework/Versions/A/libLAPACK.dylib
0x00007fff31a99000 	/System/Library/Frameworks/Accelerate.framework/Versions/A/Frameworks/vecLib.framework/Versions/A/libLinearAlgebra.dylib
0x00007fff31b26000 	/System/Library/Frameworks/Accelerate.framework/Versions/A/Frameworks/vecLib.framework/Versions/A/libSparseBLAS.dylib
0x00007fff31aaf000 	/System/Library/Frameworks/Accelerate.framework/Versions/A/Frameworks/vecLib.framework/Versions/A/libQuadrature.dylib
0x00007fff314dc000 	/System/Library/Frameworks/Accelerate.framework/Versions/A/Frameworks/vecLib.framework/Versions/A/libBNNS.dylib
0x00007fff31ab5000 	/System/Library/Frameworks/Accelerate.framework/Versions/A/Frameworks/vecLib.framework/Versions/A/libSparse.dylib
0x00007fff59ae2000 	/System/Library/PrivateFrameworks/LanguageModeling.framework/Versions/A/LanguageModeling
0x00007fff4c6ad000 	/System/Library/PrivateFrameworks/CoreEmoji.framework/Versions/A/CoreEmoji
0x00007fff59c00000 	/System/Library/PrivateFrameworks/LinguisticData.framework/Versions/A/LinguisticData
0x00007fff59bb1000 	/System/Library/PrivateFrameworks/Lexicon.framework/Versions/A/Lexicon
0x00007fff69753000 	/usr/lib/libcmph.dylib
0x00007fff3e0fd000 	/System/Library/Frameworks/OpenDirectory.framework/Versions/A/Frameworks/CFOpenDirectory.framework/Versions/A/CFOpenDirectory
0x00007fff3e11a000 	/System/Library/Frameworks/OpenDirectory.framework/Versions/A/OpenDirectory
0x00007fff463e7000 	/System/Library/PrivateFrameworks/APFS.framework/Versions/A/APFS
0x00007fff417c3000 	/System/Library/Frameworks/SecurityFoundation.framework/Versions/A/SecurityFoundation
0x00007fff6b804000 	/usr/lib/libutil.dylib
0x00007fff4d99a000 	/System/Library/PrivateFrameworks/CoreServicesStore.framework/Versions/A/CoreServicesStore
0x00007fff4187b000 	/System/Library/Frameworks/ServiceManagement.framework/Versions/A/ServiceManagement
0x00007fff498dd000 	/System/Library/PrivateFrameworks/BackgroundTaskManagement.framework/Versions/A/BackgroundTaskManagement
0x00007fff6b901000 	/usr/lib/libxslt.1.dylib
0x00007fff4878b000 	/System/Library/PrivateFrameworks/AppleSystemInfo.framework/Versions/A/AppleSystemInfo
0x00007fff37f67000 	/System/Library/Frameworks/ImageIO.framework/Versions/A/Resources/libJPEG.dylib
0x00007fff38226000 	/System/Library/Frameworks/ImageIO.framework/Versions/A/Resources/libTIFF.dylib
0x00007fff38209000 	/System/Library/Frameworks/ImageIO.framework/Versions/A/Resources/libPng.dylib
0x00007fff37ea9000 	/System/Library/Frameworks/ImageIO.framework/Versions/A/Resources/libGIF.dylib
0x00007fff37ead000 	/System/Library/Frameworks/ImageIO.framework/Versions/A/Resources/libJP2.dylib
0x00007fff38224000 	/System/Library/Frameworks/ImageIO.framework/Versions/A/Resources/libRadiance.dylib
0x00007fff6a18f000 	/usr/lib/libexpat.1.dylib
0x00007fff48281000 	/System/Library/PrivateFrameworks/AppleJPEG.framework/Versions/A/AppleJPEG
0x00007fff50c14000 	/System/Library/PrivateFrameworks/FontServices.framework/libFontParser.dylib
0x00007fff67ac9000 	/System/Library/PrivateFrameworks/WatchdogClient.framework/Versions/A/WatchdogClient
0x00007fff5916f000 	/System/Library/PrivateFrameworks/IOAccelerator.framework/Versions/A/IOAccelerator
0x00007fff3a5e4000 	/System/Library/Frameworks/MetalPerformanceShaders.framework/Versions/A/MetalPerformanceShaders
0x00007fff55962000 	/System/Library/PrivateFrameworks/GPUWrangler.framework/Versions/A/GPUWrangler
0x00007fff5917a000 	/System/Library/PrivateFrameworks/IOPresentment.framework/Versions/A/IOPresentment
0x00007fff4e682000 	/System/Library/PrivateFrameworks/DSExternalDisplay.framework/Versions/A/DSExternalDisplay
0x00007fff3ea83000 	/System/Library/Frameworks/OpenGL.framework/Versions/A/Libraries/libCoreFSCache.dylib
0x00007fff3a336000 	/System/Library/Frameworks/MetalPerformanceShaders.framework/Frameworks/MPSCore.framework/Versions/A/MPSCore
0x00007fff3a373000 	/System/Library/Frameworks/MetalPerformanceShaders.framework/Frameworks/MPSImage.framework/Versions/A/MPSImage
0x00007fff3a435000 	/System/Library/Frameworks/MetalPerformanceShaders.framework/Frameworks/MPSNeuralNetwork.framework/Versions/A/MPSNeuralNetwork
0x00007fff3a3fa000 	/System/Library/Frameworks/MetalPerformanceShaders.framework/Frameworks/MPSMatrix.framework/Versions/A/MPSMatrix
0x00007fff3a595000 	/System/Library/Frameworks/MetalPerformanceShaders.framework/Frameworks/MPSRayIntersector.framework/Versions/A/MPSRayIntersector
0x00007fff3a41f000 	/System/Library/Frameworks/MetalPerformanceShaders.framework/Frameworks/MPSNDArray.framework/Versions/A/MPSNDArray
0x00007fff5afac000 	/System/Library/PrivateFrameworks/MetalTools.framework/Versions/A/MetalTools
0x00007fff475ac000 	/System/Library/PrivateFrameworks/AggregateDictionary.framework/Versions/A/AggregateDictionary
0x00007fff4c137000 	/System/Library/PrivateFrameworks/CoreAnalytics.framework/Versions/A/CoreAnalytics
0x00007fff486a9000 	/System/Library/PrivateFrameworks/AppleSauce.framework/Versions/A/AppleSauce
0x00007fff690c9000 	/usr/lib/libIOReport.dylib
0x00007fff36e34000 	/System/Library/Frameworks/CoreVideo.framework/Versions/A/CoreVideo
0x00007fff56dd0000 	/System/Library/PrivateFrameworks/GraphVisualizer.framework/Versions/A/GraphVisualizer
0x00007fff50195000 	/System/Library/PrivateFrameworks/FaceCore.framework/Versions/A/FaceCore
0x00007fff3e0a4000 	/System/Library/Frameworks/OpenCL.framework/Versions/A/OpenCL
0x00007fff68eeb000 	/usr/lib/libFosl_dynamic.dylib
0x00007fff5c45a000 	/System/Library/PrivateFrameworks/OTSVG.framework/Versions/A/OTSVG
0x00007fff32efd000 	/System/Library/Frameworks/ApplicationServices.framework/Versions/A/Frameworks/ATS.framework/Versions/A/Resources/libFontRegistry.dylib
0x00007fff50de5000 	/System/Library/PrivateFrameworks/FontServices.framework/libhvf.dylib
0x00007fff3ea8e000 	/System/Library/Frameworks/OpenGL.framework/Versions/A/Libraries/libGFXShared.dylib
0x00007fff3ec6b000 	/System/Library/Frameworks/OpenGL.framework/Versions/A/Libraries/libGLU.dylib
0x00007fff3ea97000 	/System/Library/Frameworks/OpenGL.framework/Versions/A/Libraries/libGL.dylib
0x00007fff3eaa2000 	/System/Library/Frameworks/OpenGL.framework/Versions/A/Libraries/libGLImage.dylib
0x00007fff3ea80000 	/System/Library/Frameworks/OpenGL.framework/Versions/A/Libraries/libCVMSPluginSupport.dylib
0x00007fff3ea89000 	/System/Library/Frameworks/OpenGL.framework/Versions/A/Libraries/libCoreVMClient.dylib
0x00007fff6abe6000 	/usr/lib/libncurses.5.4.dylib
0x00007fff32df9000 	/System/Library/Frameworks/ApplicationServices.framework/Versions/A/Frameworks/ATS.framework/Versions/A/ATS
0x00007fff32fc6000 	/System/Library/Frameworks/ApplicationServices.framework/Versions/A/Frameworks/ColorSyncLegacy.framework/Versions/A/ColorSyncLegacy
0x00007fff33065000 	/System/Library/Frameworks/ApplicationServices.framework/Versions/A/Frameworks/HIServices.framework/Versions/A/HIServices
0x00007fff330bc000 	/System/Library/Frameworks/ApplicationServices.framework/Versions/A/Frameworks/LangAnalysis.framework/Versions/A/LangAnalysis
0x00007fff330cb000 	/System/Library/Frameworks/ApplicationServices.framework/Versions/A/Frameworks/PrintCore.framework/Versions/A/PrintCore
0x00007fff33111000 	/System/Library/Frameworks/ApplicationServices.framework/Versions/A/Frameworks/QD.framework/Versions/A/QD
0x00007fff3311c000 	/System/Library/Frameworks/ApplicationServices.framework/Versions/A/Frameworks/SpeechSynthesis.framework/Versions/A/SpeechSynthesis
0x00007fff32f96000 	/System/Library/Frameworks/ApplicationServices.framework/Versions/A/Frameworks/ATSUI.framework/Versions/A/ATSUI
0x00007fff6a023000 	/usr/lib/libcups.2.dylib
0x00007fff39693000 	/System/Library/Frameworks/Kerberos.framework/Versions/A/Kerberos
0x00007fff37913000 	/System/Library/Frameworks/GSS.framework/Versions/A/GSS
0x00007fff6b35d000 	/usr/lib/libresolv.9.dylib
0x00007fff56f71000 	/System/Library/PrivateFrameworks/Heimdal.framework/Versions/A/Heimdal
0x00007fff396a6000 	/System/Library/Frameworks/Kerberos.framework/Versions/A/Libraries/libHeimdalProxy.dylib
0x00007fff6a1cd000 	/usr/lib/libheimdal-asn1.dylib
0x00007fff4b5dd000 	/System/Library/PrivateFrameworks/CommonAuth.framework/Versions/A/CommonAuth
0x00007fff48828000 	/System/Library/PrivateFrameworks/AssertionServices.framework/Versions/A/AssertionServices
0x00007fff493cb000 	/System/Library/PrivateFrameworks/AudioToolboxCore.framework/Versions/A/AudioToolboxCore
0x00007fff68723000 	/System/Library/PrivateFrameworks/caulk.framework/Versions/A/caulk
0x00007fff49989000 	/System/Library/PrivateFrameworks/BaseBoard.framework/Versions/A/BaseBoard
0x00007fff6057f000 	/System/Library/PrivateFrameworks/RunningBoardServices.framework/Versions/A/RunningBoardServices
0x00007fff5d648000 	/System/Library/PrivateFrameworks/PersistentConnection.framework/Versions/A/PersistentConnection
0x00007fff5ffce000 	/System/Library/PrivateFrameworks/ProtocolBuffer.framework/Versions/A/ProtocolBuffer
0x00007fff4b602000 	/System/Library/PrivateFrameworks/CommonUtilities.framework/Versions/A/CommonUtilities
0x00007fff49b0c000 	/System/Library/PrivateFrameworks/Bom.framework/Versions/A/Bom
0x00007fff68d98000 	/usr/lib/libAudioToolboxUtility.dylib
0x00007fff498e7000 	/System/Library/PrivateFrameworks/Backup.framework/Versions/A/Backup
0x00007fff4e3f2000 	/System/Library/PrivateFrameworks/CrashReporterSupport.framework/Versions/A/CrashReporterSupport
0x00007fff6207b000 	/System/Library/PrivateFrameworks/Sharing.framework/Versions/A/Sharing
0x00007fff47fcc000 	/System/Library/PrivateFrameworks/Apple80211.framework/Versions/A/Apple80211
0x00007fff49609000 	/System/Library/PrivateFrameworks/AuthKit.framework/Versions/A/AuthKit
0x00007fff4e122000 	/System/Library/PrivateFrameworks/CoreUtils.framework/Versions/A/CoreUtils
0x00007fff36e79000 	/System/Library/Frameworks/CoreWLAN.framework/Versions/A/CoreWLAN
0x00007fff37a9f000 	/System/Library/Frameworks/IOBluetooth.framework/Versions/A/IOBluetooth
0x00007fff5b2aa000 	/System/Library/PrivateFrameworks/MobileKeyBag.framework/Versions/A/MobileKeyBag
0x00007fff4d1ed000 	/System/Library/PrivateFrameworks/CorePhoneNumbers.framework/Versions/A/CorePhoneNumbers
0x00007fff48234000 	/System/Library/PrivateFrameworks/AppleIDAuthSupport.framework/Versions/A/AppleIDAuthSupport
0x00007fff3b538000 	/System/Library/Frameworks/Network.framework/Versions/A/Network
0x00007fff5996a000 	/System/Library/PrivateFrameworks/KeychainCircle.framework/Versions/A/KeychainCircle
0x00007fff348b9000 	/System/Library/Frameworks/CoreBluetooth.framework/Versions/A/CoreBluetooth
0x00007fff63cf7000 	/System/Library/PrivateFrameworks/SpeechRecognitionCore.framework/Versions/A/SpeechRecognitionCore
0x000000010f19b000 	/Applications/Android Studio.app/Contents/jre/jdk/Contents/Home/jre/lib/server/libjvm.dylib
0x00007fff6b6d6000 	/usr/lib/libstdc++.6.dylib
0x000000010e5cc000 	/Applications/Android Studio.app/Contents/jre/jdk/Contents/Home/jre/lib/libverify.dylib
0x000000010ee00000 	/Applications/Android Studio.app/Contents/jre/jdk/Contents/Home/jre/lib/libjava.dylib
0x000000010e5e3000 	/Applications/Android Studio.app/Contents/jre/jdk/Contents/Home/jre/lib/libzip.dylib
0x0000000127861000 	/Applications/Android Studio.app/Contents/jre/jdk/Contents/Home/jre/lib/libnet.dylib
0x0000000127916000 	/Applications/Android Studio.app/Contents/jre/jdk/Contents/Home/jre/lib/libnio.dylib
0x000000010f087000 	/Users/naveen/.gradle/native/29/osx-amd64/libnative-platform.dylib
0x000000012792b000 	/Applications/Android Studio.app/Contents/jre/jdk/Contents/Home/jre/lib/libmanagement.dylib
0x000000012a7e0000 	/Applications/Android Studio.app/Contents/jre/jdk/Contents/Home/jre/lib/libsunec.dylib
0x00007fff6b7a8000 	/usr/lib/libusrtcp.dylib

VM Arguments:
jvm_args: -Xmx2048m -Dfile.encoding=UTF-8 -Duser.country=IN -Duser.language=en -Duser.variant 
java_command: org.gradle.launcher.daemon.bootstrap.GradleDaemon 5.4.1
java_class_path (initial): /Users/naveen/.gradle/wrapper/dists/gradle-5.4.1-all/3221gyojl5jsh0helicew7rwx/gradle-5.4.1/lib/gradle-launcher-5.4.1.jar
Launcher Type: SUN_STANDARD

Environment Variables:
PATH=/usr/local/bin:/usr/bin:/bin:/usr/sbin:/sbin:/Users/naveen/Library/Android/sdk/emulator:/Users/naveen/Library/Android/sdk/tools:/Users/naveen/Library/Android/sdk/tools/bin:/Users/naveen/Library/Android/sdk/platform-tools
SHELL=/bin/bash

Signal Handlers:
SIGSEGV: [libjvm.dylib+0x55bff5], sa_mask[0]=11111111011111110111111111111111, sa_flags=SA_ONSTACK|SA_RESTART|SA_SIGINFO
SIGBUS: [libjvm.dylib+0x55bff5], sa_mask[0]=11111111011111110111111111111111, sa_flags=SA_RESTART|SA_SIGINFO
SIGFPE: [libjvm.dylib+0x453a89], sa_mask[0]=11111111011111110111111111111111, sa_flags=SA_RESTART|SA_SIGINFO
SIGPIPE: [libjvm.dylib+0x453a89], sa_mask[0]=11111111011111110111111111111111, sa_flags=SA_RESTART|SA_SIGINFO
SIGXFSZ: [libjvm.dylib+0x453a89], sa_mask[0]=11111111011111110111111111111111, sa_flags=SA_RESTART|SA_SIGINFO
SIGILL: [libjvm.dylib+0x453a89], sa_mask[0]=11111111011111110111111111111111, sa_flags=SA_RESTART|SA_SIGINFO
SIGUSR1: SIG_DFL, sa_mask[0]=00000000000000000000000000000000, sa_flags=none
SIGUSR2: [libjvm.dylib+0x454390], sa_mask[0]=00100000000000000000000000000000, sa_flags=SA_RESTART|SA_SIGINFO
SIGHUP: [libjvm.dylib+0x4525a3], sa_mask[0]=11111111011111110111111111111111, sa_flags=SA_RESTART|SA_SIGINFO
SIGINT: [libjvm.dylib+0x4525a3], sa_mask[0]=11111111011111110111111111111111, sa_flags=SA_RESTART|SA_SIGINFO
SIGTERM: [libjvm.dylib+0x4525a3], sa_mask[0]=11111111011111110111111111111111, sa_flags=SA_RESTART|SA_SIGINFO
SIGQUIT: [libjvm.dylib+0x4525a3], sa_mask[0]=11111111011111110111111111111111, sa_flags=SA_RESTART|SA_SIGINFO


---------------  S Y S T E M  ---------------

OS:Bsduname:Darwin 19.3.0 Darwin Kernel Version 19.3.0: Thu Jan  9 20:58:23 PST 2020; root:xnu-6153.81.5~1/RELEASE_X86_64 x86_64
rlimit: STACK 8192k, CORE 0k, NPROC 1392, NOFILE 10240, AS infinity
load average:2.58 2.64 2.69

CPU:total 4 (initial active 4) (2 cores per cpu, 2 threads per core) family 6 model 58 stepping 9, cmov, cx8, fxsr, mmx, sse, sse2, sse3, ssse3, sse4.1, sse4.2, popcnt, avx, aes, clmul, erms, ht, tsc, tscinvbit, tscinv

Memory: 4k page, physical 8388608k(25420k free)

/proc/meminfo:


vm_info: OpenJDK 64-Bit Server VM (25.202-b49-5587405) for bsd-amd64 JRE (1.8.0_202-release-1483-b49-5587405), built by "android-build" with gcc 4.2.1 Compatible Android (5058415 based on r339409) Clang 8.0.2 (https://android.googlesource.com/toolchain/clang 40173bab62ec746213857d083c0e8b0abb568790) (https://android.googlesource.com/toolchain/llvm 7a6618d69e7e8111e1d49dc9e7813767c5ca756a)

time: Fri Feb 21 01:31:56 2020
timezone: IST
elapsed time: 3042 seconds (0d 0h 50m 42s)

